{"level":30,"time":1778942313505,"pid":32176,"hostname":"DESKTOP-IMD5ASL","name":"game-server","context":"NestFactory","msg":"Starting Nest application..."}
{"level":30,"time":1778942313505,"pid":32176,"hostname":"DESKTOP-IMD5ASL","name":"game-server","context":"InstanceLoader","msg":"AppModule dependencies initialized"}
{"level":30,"time":1778942313505,"pid":32176,"hostname":"DESKTOP-IMD5ASL","name":"game-server","context":"InstanceLoader","msg":"ConfigModule dependencies initialized"}
{"level":30,"time":1778942313505,"pid":32176,"hostname":"DESKTOP-IMD5ASL","name":"game-server","context":"InstanceLoader","msg":"PrismaModule dependencies initialized"}
{"level":30,"time":1778942313505,"pid":32176,"hostname":"DESKTOP-IMD5ASL","name":"game-server","context":"InstanceLoader","msg":"AuditModule dependencies initialized"}
{"level":30,"time":1778942313505,"pid":32176,"hostname":"DESKTOP-IMD5ASL","name":"game-server","context":"InstanceLoader","msg":"SystemModule dependencies initialized"}
{"level":30,"time":1778942313505,"pid":32176,"hostname":"DESKTOP-IMD5ASL","name":"game-server","context":"InstanceLoader","msg":"LoggingModule dependencies initialized"}
{"level":30,"time":1778942313505,"pid":32176,"hostname":"DESKTOP-IMD5ASL","name":"game-server","context":"InstanceLoader","msg":"IdempotencyModule dependencies initialized"}
{"level":30,"time":1778942313505,"pid":32176,"hostname":"DESKTOP-IMD5ASL","name":"game-server","context":"InstanceLoader","msg":"CommonModule dependencies initialized"}
{"level":30,"time":1778942313505,"pid":32176,"hostname":"DESKTOP-IMD5ASL","name":"game-server","context":"InstanceLoader","msg":"AuthModule dependencies initialized"}
{"level":30,"time":1778942313505,"pid":32176,"hostname":"DESKTOP-IMD5ASL","name":"game-server","context":"InstanceLoader","msg":"PlayerModule dependencies initialized"}
{"level":30,"time":1778942313505,"pid":32176,"hostname":"DESKTOP-IMD5ASL","name":"game-server","context":"InstanceLoader","msg":"ClientReadModule dependencies initialized"}
{"level":30,"time":1778942313505,"pid":32176,"hostname":"DESKTOP-IMD5ASL","name":"game-server","context":"InstanceLoader","msg":"ClientCommandModule dependencies initialized"}
{"level":30,"time":1778942313505,"pid":32176,"hostname":"DESKTOP-IMD5ASL","name":"game-server","context":"RoutesResolver","msg":"AuthController {/api/client/auth}:"}
{"level":30,"time":1778942313506,"pid":32176,"hostname":"DESKTOP-IMD5ASL","name":"game-server","context":"RouterExplorer","msg":"Mapped {/api/client/auth/dev-login, POST} route"}
{"level":30,"time":1778942313506,"pid":32176,"hostname":"DESKTOP-IMD5ASL","name":"game-server","context":"RoutesResolver","msg":"PlayerController {/api/client}:"}
{"level":30,"time":1778942313506,"pid":32176,"hostname":"DESKTOP-IMD5ASL","name":"game-server","context":"RouterExplorer","msg":"Mapped {/api/client/me, GET} route"}
{"level":30,"time":1778942313506,"pid":32176,"hostname":"DESKTOP-IMD5ASL","name":"game-server","context":"RoutesResolver","msg":"ClientReadController {/api/client}:"}
{"level":30,"time":1778942313506,"pid":32176,"hostname":"DESKTOP-IMD5ASL","name":"game-server","context":"RouterExplorer","msg":"Mapped {/api/client/bootstrap, GET} route"}
{"level":30,"time":1778942313506,"pid":32176,"hostname":"DESKTOP-IMD5ASL","name":"game-server","context":"RouterExplorer","msg":"Mapped {/api/client/home-summary, GET} route"}
{"level":30,"time":1778942313506,"pid":32176,"hostname":"DESKTOP-IMD5ASL","name":"game-server","context":"RouterExplorer","msg":"Mapped {/api/client/scene-content, GET} route"}
{"level":30,"time":1778942313506,"pid":32176,"hostname":"DESKTOP-IMD5ASL","name":"game-server","context":"RoutesResolver","msg":"ClientCommandController {/api/client/actions}:"}
{"level":30,"time":1778942313506,"pid":32176,"hostname":"DESKTOP-IMD5ASL","name":"game-server","context":"RouterExplorer","msg":"Mapped {/api/client/actions/upgrade-building, POST} route"}
{"level":30,"time":1778942313506,"pid":32176,"hostname":"DESKTOP-IMD5ASL","name":"game-server","context":"RoutesResolver","msg":"SystemController {/api/health}:"}
{"level":30,"time":1778942313506,"pid":32176,"hostname":"DESKTOP-IMD5ASL","name":"game-server","context":"RouterExplorer","msg":"Mapped {/api/health, GET} route"}
{"level":30,"time":1778942313506,"pid":32176,"hostname":"DESKTOP-IMD5ASL","name":"game-server","context":"NestApplication","msg":"Nest application successfully started"}
{"level":30,"time":1778942313506,"pid":32176,"hostname":"DESKTOP-IMD5ASL","name":"game-server","host":"127.0.0.1","port":3108,"msg":"game server started"}
