game server failed to start Error: listen EADDRINUSE: address already in use 0.0.0.0:3000
    at __node_internal_captureLargerStackTrace (node:internal/errors:465:5)
    at __node_internal_uvExceptionWithHostPort (node:internal/errors:564:12)
    at Server.setupListenHandle [as _listen2] (node:net:1372:16)
    at listenInCluster (node:net:1420:12)
    at doListen (node:net:1559:7)
    at processTicksAndRejections (node:internal/process/task_queues:84:21) {
  code: 'EADDRINUSE',
  errno: -4091,
  syscall: 'listen',
  address: '0.0.0.0',
  port: 3000
}
game server failed to start Error: listen EADDRINUSE: address already in use 0.0.0.0:3000
    at __node_internal_captureLargerStackTrace (node:internal/errors:465:5)
    at __node_internal_uvExceptionWithHostPort (node:internal/errors:564:12)
    at Server.setupListenHandle [as _listen2] (node:net:1372:16)
    at listenInCluster (node:net:1420:12)
    at doListen (node:net:1559:7)
    at processTicksAndRejections (node:internal/process/task_queues:84:21) {
  code: 'EADDRINUSE',
  errno: -4091,
  syscall: 'listen',
  address: '0.0.0.0',
  port: 3000
}
game server failed to start Error: listen EADDRINUSE: address already in use 0.0.0.0:3000
    at __node_internal_captureLargerStackTrace (node:internal/errors:465:5)
    at __node_internal_uvExceptionWithHostPort (node:internal/errors:564:12)
    at Server.setupListenHandle [as _listen2] (node:net:1372:16)
    at listenInCluster (node:net:1420:12)
    at doListen (node:net:1559:7)
    at processTicksAndRejections (node:internal/process/task_queues:84:21) {
  code: 'EADDRINUSE',
  errno: -4091,
  syscall: 'listen',
  address: '0.0.0.0',
  port: 3000
}
