
> @trinitywar/game-client@0.1.0 dev
> vite --host 127.0.0.1 --port 6001

Port 6002 is in use, trying another one...
Port 6003 is in use, trying another one...

  [32m[1mVITE[22m v4.5.14[39m  [2mready in [0m[1m264[22m[2m[0m ms[22m

  [32m➜[39m  [1mLocal[22m:   [36mhttp://127.0.0.1:[1m6004[22m/[39m
[2m20:29:52[22m [36m[1m[vite][22m[39m [32mhmr update [39m[2m/src/App.tsx[22m
[2m20:30:00[22m [36m[1m[vite][22m[39m [32mhmr update [39m[2m/src/App.tsx[22m
[2m20:30:10[22m [36m[1m[vite][22m[39m [32mhmr update [39m[2m/src/App.tsx[22m
[2m20:30:22[22m [36m[1m[vite][22m[39m [32mhmr update [39m[2m/src/ui/scenes/SocialScene.tsx[22m
[2m20:30:44[22m [36m[1m[vite][22m[39m [32mhmr update [39m[2m/src/ui/scenes/SocialScene.tsx[22m
[2m20:30:51[22m [36m[1m[vite][22m[39m [32mhmr update [39m[2m/src/ui/scenes/SocialScene.tsx[22m
[2m20:31:00[22m [36m[1m[vite][22m[39m [32mhmr update [39m[2m/src/shell/AppSceneRouter.tsx[22m
[2m20:31:19[22m [36m[1m[vite][22m[39m [32mhmr update [39m[2m/src/App.tsx[22m
[2m20:31:50[22m [36m[1m[vite][22m[39m [32mhmr update [39m[2m/src/styles.css[22m
[2m20:32:02[22m [36m[1m[vite][22m[39m [32mhmr update [39m[2m/src/ui/scenes/SocialScene.tsx[22m
[2m20:32:38[22m [36m[1m[vite][22m[39m [32mhmr update [39m[2m/src/ui/scenes/SocialScene.tsx[22m
[2m20:32:47[22m [36m[1m[vite][22m[39m [32mhmr update [39m[2m/src/shell/AppSceneRouter.tsx[22m
[2m20:33:13[22m [36m[1m[vite][22m[39m [32mhmr update [39m[2m/src/ui/scenes/SocialScene.tsx[22m
[2m20:37:50[22m [36m[1m[vite][22m[39m [32mhmr update [39m[2m/src/ui/scenes/SocialScene.tsx[22m
[2m20:37:57[22m [36m[1m[vite][22m[39m [32mhmr update [39m[2m/src/ui/scenes/SocialScene.tsx[22m
[2m20:38:04[22m [36m[1m[vite][22m[39m [32mhmr update [39m[2m/src/ui/scenes/SocialScene.tsx[22m
[2m20:38:40[22m [36m[1m[vite][22m[39m [32mhmr update [39m[2m/src/ui/scenes/SocialScene.tsx[22m
[2m20:39:32[22m [36m[1m[vite][22m[39m [32mhmr update [39m[2m/src/ui/scenes/SocialScene.tsx[22m
[2m20:39:38[22m [36m[1m[vite][22m[39m [32mhmr update [39m[2m/src/shell/AppSceneRouter.tsx[22m
[2m20:39:49[22m [36m[1m[vite][22m[39m [32mhmr update [39m[2m/src/styles.css[22m
[2m21:39:23[22m [36m[1m[vite][22m[39m [32mhmr update [39m[2m/src/ui/scenes/SocialScene.tsx[22m
[2m21:39:30[22m [36m[1m[vite][22m[39m [32mhmr update [39m[2m/src/ui/scenes/SocialScene.tsx[22m
[2m21:39:38[22m [36m[1m[vite][22m[39m [32mhmr update [39m[2m/src/ui/scenes/SocialScene.tsx[22m
[2m21:39:46[22m [36m[1m[vite][22m[39m [32mhmr update [39m[2m/src/ui/scenes/SocialScene.tsx[22m
[2m21:40:43[22m [36m[1m[vite][22m[39m [32mhmr update [39m[2m/src/ui/scenes/SocialScene.tsx[22m
[2m21:40:49[22m [36m[1m[vite][22m[39m [32mhmr update [39m[2m/src/ui/scenes/SocialScene.tsx[22m
[2m21:41:12[22m [36m[1m[vite][22m[39m [32mhmr update [39m[2m/src/ui/scenes/SocialScene.tsx[22m
[2m21:41:57[22m [36m[1m[vite][22m[39m [32mhmr update [39m[2m/src/ui/scenes/SocialScene.tsx[22m
[2m21:47:51[22m [36m[1m[vite][22m[39m [32mhmr update [39m[2m/src/App.tsx, /src/ui/scenes/ArmyScene.tsx, /src/ui/common/SeasonMedalCabinetView.tsx[22m
[2m22:08:25[22m [36m[1m[vite][22m[39m [32mhmr update [39m[2m/src/App.tsx, /src/ui/scenes/ArmyScene.tsx, /src/ui/common/SeasonMedalCabinetView.tsx[22m
[2m22:08:47[22m [36m[1m[vite][22m[39m [32mhmr update [39m[2m/src/App.tsx[22m
[2m22:08:53[22m [36m[1m[vite][22m[39m [32mhmr update [39m[2m/src/ui/scenes/ReportScene.tsx[22m
[2m22:09:17[22m [36m[1m[vite][22m[39m [32mhmr update [39m[2m/src/shell/RaidIntelModalHost.tsx[22m
[2m22:10:22[22m [36m[1m[vite][22m[39m [32mhmr update [39m[2m/src/App.tsx[22m
[2m22:30:51[22m [36m[1m[vite][22m[39m [32mhmr update [39m[2m/src/App.tsx[22m
[2m22:30:51[22m [36m[1m[vite][22m[39m [32mhmr update [39m[2m/src/App.tsx[22m
[2m22:30:56[22m [36m[1m[vite][22m[39m [32mhmr update [39m[2m/src/App.tsx[22m
[2m22:30:57[22m [36m[1m[vite][22m[39m [32mhmr update [39m[2m/src/App.tsx[22m
[2m22:32:34[22m [36m[1m[vite][22m[39m [32mhmr update [39m[2m/src/App.tsx, /src/ui/scenes/ArmyScene.tsx, /src/ui/common/SeasonMedalCabinetView.tsx[22m
[2m22:33:36[22m [36m[1m[vite][22m[39m [32mhmr update [39m[2m/src/ui/scenes/FactionScene.tsx[22m
[2m22:34:01[22m [36m[1m[vite][22m[39m [32mhmr update [39m[2m/src/ui/scenes/FactionScene.tsx[22m
[2m22:35:15[22m [36m[1m[vite][22m[39m [32mhmr update [39m[2m/src/ui/scenes/FactionScene.tsx[22m
[2m22:35:24[22m [36m[1m[vite][22m[39m [32mhmr update [39m[2m/src/shell/AppSceneRouter.tsx[22m
[2m22:35:35[22m [36m[1m[vite][22m[39m [32mhmr update [39m[2m/src/App.tsx[22m
[2m22:35:48[22m [36m[1m[vite][22m[39m [32mhmr update [39m[2m/src/App.tsx[22m
[2m22:35:59[22m [36m[1m[vite][22m[39m [32mhmr update [39m[2m/src/styles.css[22m
[2m22:50:21[22m [36m[1m[vite][22m[39m [32mhmr update [39m[2m/src/ui/scenes/FactionScene.tsx[22m
[2m22:50:39[22m [36m[1m[vite][22m[39m [32mhmr update [39m[2m/src/ui/scenes/FactionScene.tsx[22m
[2m22:50:48[22m [36m[1m[vite][22m[39m [32mhmr update [39m[2m/src/shell/AppSceneRouter.tsx[22m
[2m22:51:02[22m [36m[1m[vite][22m[39m [32mhmr update [39m[2m/src/App.tsx[22m
[2m22:51:10[22m [36m[1m[vite][22m[39m [32mhmr update [39m[2m/src/App.tsx[22m
[2m22:51:16[22m [36m[1m[vite][22m[39m [32mhmr update [39m[2m/src/App.tsx[22m
[2m22:51:47[22m [36m[1m[vite][22m[39m [32mhmr update [39m[2m/src/App.tsx[22m
[2m22:51:55[22m [36m[1m[vite][22m[39m [32mhmr update [39m[2m/src/ui/scenes/BuildingScene.tsx[22m
[2m22:52:28[22m [36m[1m[vite][22m[39m [32mhmr update [39m[2m/src/App.tsx[22m
[2m22:53:14[22m [36m[1m[vite][22m[39m [32mhmr update [39m[2m/src/styles.css[22m
[2m22:53:42[22m [36m[1m[vite][22m[39m [32mpage reload [39m[2mdist/index.html[22m
[2m23:06:34[22m [36m[1m[vite][22m[39m [32mhmr update [39m[2m/src/App.tsx, /src/ui/scenes/ArmyScene.tsx, /src/ui/common/SeasonMedalCabinetView.tsx[22m
[2m23:06:59[22m [36m[1m[vite][22m[39m [32mhmr update [39m[2m/src/App.tsx[22m
[2m23:16:27[22m [36m[1m[vite][22m[39m [32mhmr update [39m[2m/src/App.tsx, /src/ui/scenes/ArmyScene.tsx, /src/ui/common/SeasonMedalCabinetView.tsx[22m
[2m23:17:23[22m [36m[1m[vite][22m[39m [32mpage reload [39m[2mdist/index.html[22m
[2m23:24:40[22m [36m[1m[vite][22m[39m [32mhmr update [39m[2m/src/ui/raid/RaidTargetCard.tsx[22m
[2m23:25:09[22m [36m[1m[vite][22m[39m [32mhmr update [39m[2m/src/ui/scenes/ReportScene.tsx[22m
[2m23:25:18[22m [36m[1m[vite][22m[39m [32mhmr update [39m[2m/src/shell/AppSceneRouter.tsx[22m
[2m23:25:47[22m [36m[1m[vite][22m[39m [32mhmr update [39m[2m/src/ui/raid/RaidIntelScreen.tsx[22m
[2m23:26:52[22m [36m[1m[vite][22m[39m [32mhmr update [39m[2m/src/ui/raid/RaidIntelScreen.tsx[22m
[2m23:27:02[22m [36m[1m[vite][22m[39m [32mhmr update [39m[2m/src/shell/RaidIntelModalHost.tsx[22m
[2m23:27:08[22m [36m[1m[vite][22m[39m [32mhmr update [39m[2m/src/App.tsx[22m
[2m00:03:44[22m [36m[1m[vite][22m[39m [32mhmr update [39m[2m/src/ui/scenes/FactionScene.tsx[22m
[2m00:03:51[22m [36m[1m[vite][22m[39m [32mhmr update [39m[2m/src/shell/AppSceneRouter.tsx[22m
[2m00:03:56[22m [36m[1m[vite][22m[39m [32mhmr update [39m[2m/src/App.tsx[22m
[2m00:04:04[22m [36m[1m[vite][22m[39m [32mhmr update [39m[2m/src/styles.css[22m
