{"level":30,"time":1780849050867,"pid":20780,"hostname":"DESKTOP-IMD5ASL","name":"game-server","context":"NestFactory","msg":"Starting Nest application..."}
{"level":30,"time":1780849050868,"pid":20780,"hostname":"DESKTOP-IMD5ASL","name":"game-server","context":"InstanceLoader","msg":"AppModule dependencies initialized"}
{"level":30,"time":1780849050868,"pid":20780,"hostname":"DESKTOP-IMD5ASL","name":"game-server","context":"InstanceLoader","msg":"ConfigModule dependencies initialized"}
{"level":30,"time":1780849050868,"pid":20780,"hostname":"DESKTOP-IMD5ASL","name":"game-server","context":"InstanceLoader","msg":"PrismaModule dependencies initialized"}
{"level":30,"time":1780849050868,"pid":20780,"hostname":"DESKTOP-IMD5ASL","name":"game-server","context":"InstanceLoader","msg":"AuditModule dependencies initialized"}
{"level":30,"time":1780849050868,"pid":20780,"hostname":"DESKTOP-IMD5ASL","name":"game-server","context":"InstanceLoader","msg":"SeasonModule dependencies initialized"}
{"level":30,"time":1780849050868,"pid":20780,"hostname":"DESKTOP-IMD5ASL","name":"game-server","context":"InstanceLoader","msg":"SystemModule dependencies initialized"}
{"level":30,"time":1780849050868,"pid":20780,"hostname":"DESKTOP-IMD5ASL","name":"game-server","context":"InstanceLoader","msg":"LoggingModule dependencies initialized"}
{"level":30,"time":1780849050868,"pid":20780,"hostname":"DESKTOP-IMD5ASL","name":"game-server","context":"InstanceLoader","msg":"IdempotencyModule dependencies initialized"}
{"level":30,"time":1780849050868,"pid":20780,"hostname":"DESKTOP-IMD5ASL","name":"game-server","context":"InstanceLoader","msg":"TaskConfigModule dependencies initialized"}
{"level":30,"time":1780849050868,"pid":20780,"hostname":"DESKTOP-IMD5ASL","name":"game-server","context":"InstanceLoader","msg":"CommonModule dependencies initialized"}
{"level":30,"time":1780849050868,"pid":20780,"hostname":"DESKTOP-IMD5ASL","name":"game-server","context":"InstanceLoader","msg":"AuthModule dependencies initialized"}
{"level":30,"time":1780849050868,"pid":20780,"hostname":"DESKTOP-IMD5ASL","name":"game-server","context":"InstanceLoader","msg":"PlayerModule dependencies initialized"}
{"level":30,"time":1780849050868,"pid":20780,"hostname":"DESKTOP-IMD5ASL","name":"game-server","context":"InstanceLoader","msg":"ShareAssistModule dependencies initialized"}
{"level":30,"time":1780849050868,"pid":20780,"hostname":"DESKTOP-IMD5ASL","name":"game-server","context":"InstanceLoader","msg":"NotificationModule dependencies initialized"}
{"level":30,"time":1780849050868,"pid":20780,"hostname":"DESKTOP-IMD5ASL","name":"game-server","context":"InstanceLoader","msg":"SocialModule dependencies initialized"}
{"level":30,"time":1780849050868,"pid":20780,"hostname":"DESKTOP-IMD5ASL","name":"game-server","context":"InstanceLoader","msg":"RobotModule dependencies initialized"}
{"level":30,"time":1780849050868,"pid":20780,"hostname":"DESKTOP-IMD5ASL","name":"game-server","context":"InstanceLoader","msg":"ClientReadModule dependencies initialized"}
{"level":30,"time":1780849050868,"pid":20780,"hostname":"DESKTOP-IMD5ASL","name":"game-server","context":"InstanceLoader","msg":"RaidModule dependencies initialized"}
{"level":30,"time":1780849050868,"pid":20780,"hostname":"DESKTOP-IMD5ASL","name":"game-server","context":"InstanceLoader","msg":"SpiritModule dependencies initialized"}
{"level":30,"time":1780849050868,"pid":20780,"hostname":"DESKTOP-IMD5ASL","name":"game-server","context":"InstanceLoader","msg":"ClientCommandModule dependencies initialized"}
{"level":30,"time":1780849050868,"pid":20780,"hostname":"DESKTOP-IMD5ASL","name":"game-server","context":"InstanceLoader","msg":"AdminReadonlyModule dependencies initialized"}
{"level":30,"time":1780849050868,"pid":20780,"hostname":"DESKTOP-IMD5ASL","name":"game-server","context":"RoutesResolver","msg":"AuthController {/api/client/auth}:"}
{"level":30,"time":1780849050868,"pid":20780,"hostname":"DESKTOP-IMD5ASL","name":"game-server","context":"RouterExplorer","msg":"Mapped {/api/client/auth/dev-login, POST} route"}
{"level":30,"time":1780849050868,"pid":20780,"hostname":"DESKTOP-IMD5ASL","name":"game-server","context":"RoutesResolver","msg":"PlayerController {/api/client}:"}
{"level":30,"time":1780849050868,"pid":20780,"hostname":"DESKTOP-IMD5ASL","name":"game-server","context":"RouterExplorer","msg":"Mapped {/api/client/me, GET} route"}
{"level":30,"time":1780849050868,"pid":20780,"hostname":"DESKTOP-IMD5ASL","name":"game-server","context":"RouterExplorer","msg":"Mapped {/api/client/profile/farm-board, GET} route"}
{"level":30,"time":1780849050868,"pid":20780,"hostname":"DESKTOP-IMD5ASL","name":"game-server","context":"RouterExplorer","msg":"Mapped {/api/client/profile/farm-board, POST} route"}
{"level":30,"time":1780849050868,"pid":20780,"hostname":"DESKTOP-IMD5ASL","name":"game-server","context":"RoutesResolver","msg":"ClientReadController {/api/client}:"}
{"level":30,"time":1780849050868,"pid":20780,"hostname":"DESKTOP-IMD5ASL","name":"game-server","context":"RouterExplorer","msg":"Mapped {/api/client/bootstrap, GET} route"}
{"level":30,"time":1780849050868,"pid":20780,"hostname":"DESKTOP-IMD5ASL","name":"game-server","context":"RouterExplorer","msg":"Mapped {/api/client/home-summary, GET} route"}
{"level":30,"time":1780849050868,"pid":20780,"hostname":"DESKTOP-IMD5ASL","name":"game-server","context":"RouterExplorer","msg":"Mapped {/api/client/season/sign-in, GET} route"}
{"level":30,"time":1780849050868,"pid":20780,"hostname":"DESKTOP-IMD5ASL","name":"game-server","context":"RouterExplorer","msg":"Mapped {/api/client/season/rewards, GET} route"}
{"level":30,"time":1780849050868,"pid":20780,"hostname":"DESKTOP-IMD5ASL","name":"game-server","context":"RouterExplorer","msg":"Mapped {/api/client/scene-content, GET} route"}
{"level":30,"time":1780849050868,"pid":20780,"hostname":"DESKTOP-IMD5ASL","name":"game-server","context":"RoutesResolver","msg":"ClientCommandController {/api/client/actions}:"}
{"level":30,"time":1780849050868,"pid":20780,"hostname":"DESKTOP-IMD5ASL","name":"game-server","context":"RouterExplorer","msg":"Mapped {/api/client/actions/claim-pending, POST} route"}
{"level":30,"time":1780849050868,"pid":20780,"hostname":"DESKTOP-IMD5ASL","name":"game-server","context":"RouterExplorer","msg":"Mapped {/api/client/actions/claim-daily-task, POST} route"}
{"level":30,"time":1780849050868,"pid":20780,"hostname":"DESKTOP-IMD5ASL","name":"game-server","context":"RouterExplorer","msg":"Mapped {/api/client/actions/claim-season-sign-in, POST} route"}
{"level":30,"time":1780849050868,"pid":20780,"hostname":"DESKTOP-IMD5ASL","name":"game-server","context":"RouterExplorer","msg":"Mapped {/api/client/actions/refresh-raid-targets, POST} route"}
{"level":30,"time":1780849050868,"pid":20780,"hostname":"DESKTOP-IMD5ASL","name":"game-server","context":"RouterExplorer","msg":"Mapped {/api/client/actions/claim-starter-seeds, POST} route"}
{"level":30,"time":1780849050868,"pid":20780,"hostname":"DESKTOP-IMD5ASL","name":"game-server","context":"RouterExplorer","msg":"Mapped {/api/client/actions/collect-field, POST} route"}
{"level":30,"time":1780849050868,"pid":20780,"hostname":"DESKTOP-IMD5ASL","name":"game-server","context":"RouterExplorer","msg":"Mapped {/api/client/actions/start-cultivation, POST} route"}
{"level":30,"time":1780849050868,"pid":20780,"hostname":"DESKTOP-IMD5ASL","name":"game-server","context":"RouterExplorer","msg":"Mapped {/api/client/actions/recruit-army, POST} route"}
{"level":30,"time":1780849050868,"pid":20780,"hostname":"DESKTOP-IMD5ASL","name":"game-server","context":"RouterExplorer","msg":"Mapped {/api/client/actions/upgrade-building, POST} route"}
{"level":30,"time":1780849050868,"pid":20780,"hostname":"DESKTOP-IMD5ASL","name":"game-server","context":"RouterExplorer","msg":"Mapped {/api/client/actions/faction-donate, POST} route"}
{"level":30,"time":1780849050868,"pid":20780,"hostname":"DESKTOP-IMD5ASL","name":"game-server","context":"RouterExplorer","msg":"Mapped {/api/client/actions/submit-faction-task, POST} route"}
{"level":30,"time":1780849050868,"pid":20780,"hostname":"DESKTOP-IMD5ASL","name":"game-server","context":"RouterExplorer","msg":"Mapped {/api/client/actions/unlock-plant, POST} route"}
{"level":30,"time":1780849050868,"pid":20780,"hostname":"DESKTOP-IMD5ASL","name":"game-server","context":"RouterExplorer","msg":"Mapped {/api/client/actions/claim-faction-stipend, POST} route"}
{"level":30,"time":1780849050868,"pid":20780,"hostname":"DESKTOP-IMD5ASL","name":"game-server","context":"RouterExplorer","msg":"Mapped {/api/client/actions/reset-demo-state, POST} route"}
{"level":30,"time":1780849050868,"pid":20780,"hostname":"DESKTOP-IMD5ASL","name":"game-server","context":"RoutesResolver","msg":"NotificationClientController {/api/client/notifications}:"}
{"level":30,"time":1780849050868,"pid":20780,"hostname":"DESKTOP-IMD5ASL","name":"game-server","context":"RouterExplorer","msg":"Mapped {/api/client/notifications, GET} route"}
{"level":30,"time":1780849050868,"pid":20780,"hostname":"DESKTOP-IMD5ASL","name":"game-server","context":"RouterExplorer","msg":"Mapped {/api/client/notifications/unread-count, GET} route"}
{"level":30,"time":1780849050868,"pid":20780,"hostname":"DESKTOP-IMD5ASL","name":"game-server","context":"RouterExplorer","msg":"Mapped {/api/client/notifications/:notificationId/read, POST} route"}
{"level":30,"time":1780849050868,"pid":20780,"hostname":"DESKTOP-IMD5ASL","name":"game-server","context":"RouterExplorer","msg":"Mapped {/api/client/notifications/:notificationId/claim, POST} route"}
{"level":30,"time":1780849050868,"pid":20780,"hostname":"DESKTOP-IMD5ASL","name":"game-server","context":"RouterExplorer","msg":"Mapped {/api/client/notifications/:notificationId, DELETE} route"}
{"level":30,"time":1780849050868,"pid":20780,"hostname":"DESKTOP-IMD5ASL","name":"game-server","context":"RoutesResolver","msg":"NotificationAdminController {/api/admin}:"}
{"level":30,"time":1780849050868,"pid":20780,"hostname":"DESKTOP-IMD5ASL","name":"game-server","context":"RouterExplorer","msg":"Mapped {/api/admin/notifications, GET} route"}
{"level":30,"time":1780849050868,"pid":20780,"hostname":"DESKTOP-IMD5ASL","name":"game-server","context":"RouterExplorer","msg":"Mapped {/api/admin/notifications/global, POST} route"}
{"level":30,"time":1780849050868,"pid":20780,"hostname":"DESKTOP-IMD5ASL","name":"game-server","context":"RouterExplorer","msg":"Mapped {/api/admin/players/:playerId/notifications, POST} route"}
{"level":30,"time":1780849050868,"pid":20780,"hostname":"DESKTOP-IMD5ASL","name":"game-server","context":"RouterExplorer","msg":"Mapped {/api/admin/players/:playerId/notifications, GET} route"}
{"level":30,"time":1780849050868,"pid":20780,"hostname":"DESKTOP-IMD5ASL","name":"game-server","context":"RoutesResolver","msg":"RaidController {/api/client}:"}
{"level":30,"time":1780849050868,"pid":20780,"hostname":"DESKTOP-IMD5ASL","name":"game-server","context":"RouterExplorer","msg":"Mapped {/api/client/raid-targets/:targetId, GET} route"}
{"level":30,"time":1780849050868,"pid":20780,"hostname":"DESKTOP-IMD5ASL","name":"game-server","context":"RouterExplorer","msg":"Mapped {/api/client/raid-targets/:targetId/deep-intel, POST} route"}
{"level":30,"time":1780849050868,"pid":20780,"hostname":"DESKTOP-IMD5ASL","name":"game-server","context":"RouterExplorer","msg":"Mapped {/api/client/actions/raid-target, POST} route"}
{"level":30,"time":1780849050868,"pid":20780,"hostname":"DESKTOP-IMD5ASL","name":"game-server","context":"RouterExplorer","msg":"Mapped {/api/client/raid-orders/:orderId/message, POST} route"}
{"level":30,"time":1780849050868,"pid":20780,"hostname":"DESKTOP-IMD5ASL","name":"game-server","context":"RouterExplorer","msg":"Mapped {/api/client/raid-orders/:orderId/battle-replay, GET} route"}
{"level":30,"time":1780849050868,"pid":20780,"hostname":"DESKTOP-IMD5ASL","name":"game-server","context":"RoutesResolver","msg":"SocialController {/api/client/social}:"}
{"level":30,"time":1780849050868,"pid":20780,"hostname":"DESKTOP-IMD5ASL","name":"game-server","context":"RouterExplorer","msg":"Mapped {/api/client/social/summary, GET} route"}
{"level":30,"time":1780849050868,"pid":20780,"hostname":"DESKTOP-IMD5ASL","name":"game-server","context":"RouterExplorer","msg":"Mapped {/api/client/social/feed, GET} route"}
{"level":30,"time":1780849050868,"pid":20780,"hostname":"DESKTOP-IMD5ASL","name":"game-server","context":"RouterExplorer","msg":"Mapped {/api/client/social/friends, GET} route"}
{"level":30,"time":1780849050868,"pid":20780,"hostname":"DESKTOP-IMD5ASL","name":"game-server","context":"RouterExplorer","msg":"Mapped {/api/client/social/following, GET} route"}
{"level":30,"time":1780849050868,"pid":20780,"hostname":"DESKTOP-IMD5ASL","name":"game-server","context":"RouterExplorer","msg":"Mapped {/api/client/social/enemies, GET} route"}
{"level":30,"time":1780849050868,"pid":20780,"hostname":"DESKTOP-IMD5ASL","name":"game-server","context":"RouterExplorer","msg":"Mapped {/api/client/social/follow, POST} route"}
{"level":30,"time":1780849050868,"pid":20780,"hostname":"DESKTOP-IMD5ASL","name":"game-server","context":"RouterExplorer","msg":"Mapped {/api/client/social/friend-request, POST} route"}
{"level":30,"time":1780849050868,"pid":20780,"hostname":"DESKTOP-IMD5ASL","name":"game-server","context":"RouterExplorer","msg":"Mapped {/api/client/social/friend-request/:id/accept, POST} route"}
{"level":30,"time":1780849050868,"pid":20780,"hostname":"DESKTOP-IMD5ASL","name":"game-server","context":"RouterExplorer","msg":"Mapped {/api/client/social/friend-request/:id/reject, POST} route"}
{"level":30,"time":1780849050868,"pid":20780,"hostname":"DESKTOP-IMD5ASL","name":"game-server","context":"RouterExplorer","msg":"Mapped {/api/client/social/friend/:targetPlayerId, DELETE} route"}
{"level":30,"time":1780849050868,"pid":20780,"hostname":"DESKTOP-IMD5ASL","name":"game-server","context":"RouterExplorer","msg":"Mapped {/api/client/social/assist/water-field, POST} route"}
{"level":30,"time":1780849050868,"pid":20780,"hostname":"DESKTOP-IMD5ASL","name":"game-server","context":"RouterExplorer","msg":"Mapped {/api/client/social/friends/:targetPlayerId/fields, GET} route"}
{"level":30,"time":1780849050869,"pid":20780,"hostname":"DESKTOP-IMD5ASL","name":"game-server","context":"RouterExplorer","msg":"Mapped {/api/client/social/friends/:targetPlayerId/harvest-preview, GET} route"}
{"level":30,"time":1780849050869,"pid":20780,"hostname":"DESKTOP-IMD5ASL","name":"game-server","context":"RouterExplorer","msg":"Mapped {/api/client/social/assist/harvest-field, POST} route"}
{"level":30,"time":1780849050869,"pid":20780,"hostname":"DESKTOP-IMD5ASL","name":"game-server","context":"RouterExplorer","msg":"Mapped {/api/client/social/team-challenge, POST} route"}
{"level":30,"time":1780849050869,"pid":20780,"hostname":"DESKTOP-IMD5ASL","name":"game-server","context":"RouterExplorer","msg":"Mapped {/api/client/social/team-challenge/:id/accept, POST} route"}
{"level":30,"time":1780849050869,"pid":20780,"hostname":"DESKTOP-IMD5ASL","name":"game-server","context":"RouterExplorer","msg":"Mapped {/api/client/social/team-challenge/:id/reject, POST} route"}
{"level":30,"time":1780849050869,"pid":20780,"hostname":"DESKTOP-IMD5ASL","name":"game-server","context":"RoutesResolver","msg":"SpiritController {/api/client/spirit}:"}
{"level":30,"time":1780849050869,"pid":20780,"hostname":"DESKTOP-IMD5ASL","name":"game-server","context":"RouterExplorer","msg":"Mapped {/api/client/spirit, GET} route"}
{"level":30,"time":1780849050869,"pid":20780,"hostname":"DESKTOP-IMD5ASL","name":"game-server","context":"RouterExplorer","msg":"Mapped {/api/client/spirit/buy-soul, POST} route"}
{"level":30,"time":1780849050869,"pid":20780,"hostname":"DESKTOP-IMD5ASL","name":"game-server","context":"RouterExplorer","msg":"Mapped {/api/client/spirit/upgrade, POST} route"}
{"level":30,"time":1780849050869,"pid":20780,"hostname":"DESKTOP-IMD5ASL","name":"game-server","context":"RouterExplorer","msg":"Mapped {/api/client/spirit/feed, POST} route"}
{"level":30,"time":1780849050869,"pid":20780,"hostname":"DESKTOP-IMD5ASL","name":"game-server","context":"RouterExplorer","msg":"Mapped {/api/client/spirit/breakthrough, POST} route"}
{"level":30,"time":1780849050869,"pid":20780,"hostname":"DESKTOP-IMD5ASL","name":"game-server","context":"RouterExplorer","msg":"Mapped {/api/client/spirit/roll-traits, POST} route"}
{"level":30,"time":1780849050869,"pid":20780,"hostname":"DESKTOP-IMD5ASL","name":"game-server","context":"RouterExplorer","msg":"Mapped {/api/client/spirit/shop/buy, POST} route"}
{"level":30,"time":1780849050869,"pid":20780,"hostname":"DESKTOP-IMD5ASL","name":"game-server","context":"RouterExplorer","msg":"Mapped {/api/client/spirit/shop/ad-reward, POST} route"}
{"level":30,"time":1780849050869,"pid":20780,"hostname":"DESKTOP-IMD5ASL","name":"game-server","context":"RouterExplorer","msg":"Mapped {/api/client/spirit/set-main, POST} route"}
{"level":30,"time":1780849050869,"pid":20780,"hostname":"DESKTOP-IMD5ASL","name":"game-server","context":"RouterExplorer","msg":"Mapped {/api/client/spirit/recover, POST} route"}
{"level":30,"time":1780849050869,"pid":20780,"hostname":"DESKTOP-IMD5ASL","name":"game-server","context":"RouterExplorer","msg":"Mapped {/api/client/spirit/dissolve, POST} route"}
{"level":30,"time":1780849050869,"pid":20780,"hostname":"DESKTOP-IMD5ASL","name":"game-server","context":"RouterExplorer","msg":"Mapped {/api/client/spirit/compose, POST} route"}
{"level":30,"time":1780849050869,"pid":20780,"hostname":"DESKTOP-IMD5ASL","name":"game-server","context":"RoutesResolver","msg":"ShareAssistController {/api}:"}
{"level":30,"time":1780849050869,"pid":20780,"hostname":"DESKTOP-IMD5ASL","name":"game-server","context":"RouterExplorer","msg":"Mapped {/api/client/share-assist/campaigns, POST} route"}
{"level":30,"time":1780849050869,"pid":20780,"hostname":"DESKTOP-IMD5ASL","name":"game-server","context":"RouterExplorer","msg":"Mapped {/api/client/share-assist/invite-tutorial-complete, POST} route"}
{"level":30,"time":1780849050869,"pid":20780,"hostname":"DESKTOP-IMD5ASL","name":"game-server","context":"RouterExplorer","msg":"Mapped {/api/public/share-assist/campaigns/:id, GET} route"}
{"level":30,"time":1780849050869,"pid":20780,"hostname":"DESKTOP-IMD5ASL","name":"game-server","context":"RouterExplorer","msg":"Mapped {/api/public/share-assist/campaigns/:id/assist, POST} route"}
{"level":30,"time":1780849050869,"pid":20780,"hostname":"DESKTOP-IMD5ASL","name":"game-server","context":"RoutesResolver","msg":"AdminReadonlyController {/api/admin}:"}
{"level":30,"time":1780849050869,"pid":20780,"hostname":"DESKTOP-IMD5ASL","name":"game-server","context":"RouterExplorer","msg":"Mapped {/api/admin/overview, GET} route"}
{"level":30,"time":1780849050869,"pid":20780,"hostname":"DESKTOP-IMD5ASL","name":"game-server","context":"RouterExplorer","msg":"Mapped {/api/admin/system/status, GET} route"}
{"level":30,"time":1780849050869,"pid":20780,"hostname":"DESKTOP-IMD5ASL","name":"game-server","context":"RouterExplorer","msg":"Mapped {/api/admin/audit-logs, GET} route"}
{"level":30,"time":1780849050869,"pid":20780,"hostname":"DESKTOP-IMD5ASL","name":"game-server","context":"RouterExplorer","msg":"Mapped {/api/admin/robots/dashboard, GET} route"}
{"level":30,"time":1780849050869,"pid":20780,"hostname":"DESKTOP-IMD5ASL","name":"game-server","context":"RouterExplorer","msg":"Mapped {/api/admin/robots/daily-3/automation-config, GET} route"}
{"level":30,"time":1780849050869,"pid":20780,"hostname":"DESKTOP-IMD5ASL","name":"game-server","context":"RouterExplorer","msg":"Mapped {/api/admin/robots/daily-3/automation-config, PATCH} route"}
{"level":30,"time":1780849050869,"pid":20780,"hostname":"DESKTOP-IMD5ASL","name":"game-server","context":"RouterExplorer","msg":"Mapped {/api/admin/robots/social-3/automation-config, GET} route"}
{"level":30,"time":1780849050869,"pid":20780,"hostname":"DESKTOP-IMD5ASL","name":"game-server","context":"RouterExplorer","msg":"Mapped {/api/admin/robots/social-3/automation-config, PATCH} route"}
{"level":30,"time":1780849050869,"pid":20780,"hostname":"DESKTOP-IMD5ASL","name":"game-server","context":"RouterExplorer","msg":"Mapped {/api/admin/robots/player-sim-v1/automation-config, GET} route"}
{"level":30,"time":1780849050869,"pid":20780,"hostname":"DESKTOP-IMD5ASL","name":"game-server","context":"RouterExplorer","msg":"Mapped {/api/admin/robots/player-sim-v1/automation-config, PATCH} route"}
{"level":30,"time":1780849050869,"pid":20780,"hostname":"DESKTOP-IMD5ASL","name":"game-server","context":"RouterExplorer","msg":"Mapped {/api/admin/robots/smoke, POST} route"}
{"level":30,"time":1780849050869,"pid":20780,"hostname":"DESKTOP-IMD5ASL","name":"game-server","context":"RouterExplorer","msg":"Mapped {/api/admin/robots/daily-3, POST} route"}
{"level":30,"time":1780849050869,"pid":20780,"hostname":"DESKTOP-IMD5ASL","name":"game-server","context":"RouterExplorer","msg":"Mapped {/api/admin/robots/social-3, POST} route"}
{"level":30,"time":1780849050869,"pid":20780,"hostname":"DESKTOP-IMD5ASL","name":"game-server","context":"RouterExplorer","msg":"Mapped {/api/admin/robots/player-sim-v1, POST} route"}
{"level":30,"time":1780849050869,"pid":20780,"hostname":"DESKTOP-IMD5ASL","name":"game-server","context":"RouterExplorer","msg":"Mapped {/api/admin/robots/daily-3/loop/start, POST} route"}
{"level":30,"time":1780849050869,"pid":20780,"hostname":"DESKTOP-IMD5ASL","name":"game-server","context":"RouterExplorer","msg":"Mapped {/api/admin/robots/social-3/loop/start, POST} route"}
{"level":30,"time":1780849050869,"pid":20780,"hostname":"DESKTOP-IMD5ASL","name":"game-server","context":"RouterExplorer","msg":"Mapped {/api/admin/robots/player-sim-v1/loop/start, POST} route"}
{"level":30,"time":1780849050869,"pid":20780,"hostname":"DESKTOP-IMD5ASL","name":"game-server","context":"RouterExplorer","msg":"Mapped {/api/admin/robots/daily-3/loop/stop, POST} route"}
{"level":30,"time":1780849050869,"pid":20780,"hostname":"DESKTOP-IMD5ASL","name":"game-server","context":"RouterExplorer","msg":"Mapped {/api/admin/robots/errors, DELETE} route"}
{"level":30,"time":1780849050869,"pid":20780,"hostname":"DESKTOP-IMD5ASL","name":"game-server","context":"RouterExplorer","msg":"Mapped {/api/admin/seasons/current, GET} route"}
{"level":30,"time":1780849050869,"pid":20780,"hostname":"DESKTOP-IMD5ASL","name":"game-server","context":"RouterExplorer","msg":"Mapped {/api/admin/seasons, GET} route"}
{"level":30,"time":1780849050869,"pid":20780,"hostname":"DESKTOP-IMD5ASL","name":"game-server","context":"RouterExplorer","msg":"Mapped {/api/admin/seasons/:seasonNumber/player-snapshots, GET} route"}
{"level":30,"time":1780849050869,"pid":20780,"hostname":"DESKTOP-IMD5ASL","name":"game-server","context":"RouterExplorer","msg":"Mapped {/api/admin/seasons/:seasonNumber/faction-snapshots, GET} route"}
{"level":30,"time":1780849050869,"pid":20780,"hostname":"DESKTOP-IMD5ASL","name":"game-server","context":"RouterExplorer","msg":"Mapped {/api/admin/seasons/:seasonNumber/reward-summary, GET} route"}
{"level":30,"time":1780849050869,"pid":20780,"hostname":"DESKTOP-IMD5ASL","name":"game-server","context":"RouterExplorer","msg":"Mapped {/api/admin/seasons/:seasonNumber/reward-grants, GET} route"}
{"level":30,"time":1780849050869,"pid":20780,"hostname":"DESKTOP-IMD5ASL","name":"game-server","context":"RouterExplorer","msg":"Mapped {/api/admin/seasons/:seasonNumber/rewards/preview, GET} route"}
{"level":30,"time":1780849050869,"pid":20780,"hostname":"DESKTOP-IMD5ASL","name":"game-server","context":"RouterExplorer","msg":"Mapped {/api/admin/seasons/:seasonNumber/achievements, GET} route"}
{"level":30,"time":1780849050869,"pid":20780,"hostname":"DESKTOP-IMD5ASL","name":"game-server","context":"RouterExplorer","msg":"Mapped {/api/admin/config/seeds, GET} route"}
{"level":30,"time":1780849050869,"pid":20780,"hostname":"DESKTOP-IMD5ASL","name":"game-server","context":"RouterExplorer","msg":"Mapped {/api/admin/config/seeds, POST} route"}
{"level":30,"time":1780849050869,"pid":20780,"hostname":"DESKTOP-IMD5ASL","name":"game-server","context":"RouterExplorer","msg":"Mapped {/api/admin/config/seeds/:seedId, PATCH} route"}
{"level":30,"time":1780849050869,"pid":20780,"hostname":"DESKTOP-IMD5ASL","name":"game-server","context":"RouterExplorer","msg":"Mapped {/api/admin/config/seeds/:seedId, DELETE} route"}
{"level":30,"time":1780849050869,"pid":20780,"hostname":"DESKTOP-IMD5ASL","name":"game-server","context":"RouterExplorer","msg":"Mapped {/api/admin/config/spirits, GET} route"}
{"level":30,"time":1780849050869,"pid":20780,"hostname":"DESKTOP-IMD5ASL","name":"game-server","context":"RouterExplorer","msg":"Mapped {/api/admin/config/spirits, POST} route"}
{"level":30,"time":1780849050869,"pid":20780,"hostname":"DESKTOP-IMD5ASL","name":"game-server","context":"RouterExplorer","msg":"Mapped {/api/admin/config/spirits/:spiritId, PATCH} route"}
{"level":30,"time":1780849050869,"pid":20780,"hostname":"DESKTOP-IMD5ASL","name":"game-server","context":"RouterExplorer","msg":"Mapped {/api/admin/config/spirits/:spiritId, DELETE} route"}
{"level":30,"time":1780849050869,"pid":20780,"hostname":"DESKTOP-IMD5ASL","name":"game-server","context":"RouterExplorer","msg":"Mapped {/api/admin/config/castle-levels, GET} route"}
{"level":30,"time":1780849050869,"pid":20780,"hostname":"DESKTOP-IMD5ASL","name":"game-server","context":"RouterExplorer","msg":"Mapped {/api/admin/config/tasks, GET} route"}
{"level":30,"time":1780849050869,"pid":20780,"hostname":"DESKTOP-IMD5ASL","name":"game-server","context":"RouterExplorer","msg":"Mapped {/api/admin/share-assist/campaigns, GET} route"}
{"level":30,"time":1780849050869,"pid":20780,"hostname":"DESKTOP-IMD5ASL","name":"game-server","context":"RouterExplorer","msg":"Mapped {/api/admin/share-assist/records, GET} route"}
{"level":30,"time":1780849050869,"pid":20780,"hostname":"DESKTOP-IMD5ASL","name":"game-server","context":"RouterExplorer","msg":"Mapped {/api/admin/share-assist/invite-relations, GET} route"}
{"level":30,"time":1780849050869,"pid":20780,"hostname":"DESKTOP-IMD5ASL","name":"game-server","context":"RouterExplorer","msg":"Mapped {/api/admin/config/tasks/:taskGroup/:taskId, PATCH} route"}
{"level":30,"time":1780849050869,"pid":20780,"hostname":"DESKTOP-IMD5ASL","name":"game-server","context":"RouterExplorer","msg":"Mapped {/api/admin/players/search, GET} route"}
{"level":30,"time":1780849050869,"pid":20780,"hostname":"DESKTOP-IMD5ASL","name":"game-server","context":"RouterExplorer","msg":"Mapped {/api/admin/players/:playerId/overview, GET} route"}
{"level":30,"time":1780849050869,"pid":20780,"hostname":"DESKTOP-IMD5ASL","name":"game-server","context":"RouterExplorer","msg":"Mapped {/api/admin/players/:playerId/resources/adjust, POST} route"}
{"level":30,"time":1780849050869,"pid":20780,"hostname":"DESKTOP-IMD5ASL","name":"game-server","context":"RouterExplorer","msg":"Mapped {/api/admin/players/:playerId/season-state, GET} route"}
{"level":30,"time":1780849050869,"pid":20780,"hostname":"DESKTOP-IMD5ASL","name":"game-server","context":"RouterExplorer","msg":"Mapped {/api/admin/players/:playerId/season-history, GET} route"}
{"level":30,"time":1780849050869,"pid":20780,"hostname":"DESKTOP-IMD5ASL","name":"game-server","context":"RouterExplorer","msg":"Mapped {/api/admin/players/:playerId/season-rewards, GET} route"}
{"level":30,"time":1780849050869,"pid":20780,"hostname":"DESKTOP-IMD5ASL","name":"game-server","context":"RouterExplorer","msg":"Mapped {/api/admin/players/:playerId, DELETE} route"}
{"level":30,"time":1780849050869,"pid":20780,"hostname":"DESKTOP-IMD5ASL","name":"game-server","context":"RouterExplorer","msg":"Mapped {/api/admin/players/:playerId/wallet-logs, GET} route"}
{"level":30,"time":1780849050869,"pid":20780,"hostname":"DESKTOP-IMD5ASL","name":"game-server","context":"RouterExplorer","msg":"Mapped {/api/admin/players/:playerId/building-logs, GET} route"}
{"level":30,"time":1780849050869,"pid":20780,"hostname":"DESKTOP-IMD5ASL","name":"game-server","context":"RouterExplorer","msg":"Mapped {/api/admin/players/:playerId/field-logs, GET} route"}
{"level":30,"time":1780849050869,"pid":20780,"hostname":"DESKTOP-IMD5ASL","name":"game-server","context":"RouterExplorer","msg":"Mapped {/api/admin/players/:playerId/orders, GET} route"}
{"level":30,"time":1780849050869,"pid":20780,"hostname":"DESKTOP-IMD5ASL","name":"game-server","context":"RouterExplorer","msg":"Mapped {/api/admin/raid/orders/:orderId, GET} route"}
{"level":30,"time":1780849050869,"pid":20780,"hostname":"DESKTOP-IMD5ASL","name":"game-server","context":"RoutesResolver","msg":"SystemController {/api/health}:"}
{"level":30,"time":1780849050869,"pid":20780,"hostname":"DESKTOP-IMD5ASL","name":"game-server","context":"RouterExplorer","msg":"Mapped {/api/health, GET} route"}
{"level":30,"time":1780849050869,"pid":20780,"hostname":"DESKTOP-IMD5ASL","name":"game-server","context":"NestApplication","msg":"Nest application successfully started"}
{"level":30,"time":1780849050869,"pid":20780,"hostname":"DESKTOP-IMD5ASL","name":"game-server","host":"127.0.0.1","port":4000,"msg":"game server started"}
